<?xml version="1.0" encoding="UTF-8"?>
<!-- Generated by org.testng.reporters.JUnitReportReporter -->
<testsuite hostname="GGVK" failures="0" tests="5" name="ggvkGID.ggvkAID.Tc" time="30.445" errors="0" timestamp="2021-08-28T06:32:10 IST" skipped="0">
  <testcase classname="ggvkGID.ggvkAID.Tc" name="TC_00005" time="3.679"/>
  <system-out/>
  <testcase classname="ggvkGID.ggvkAID.Tc" name="TC_00004" time="11.515"/>
  <system-out/>
  <testcase classname="ggvkGID.ggvkAID.Tc" name="TC_00003" time="4.599"/>
  <system-out/>
  <testcase classname="ggvkGID.ggvkAID.Tc" name="TC_00002" time="5.119"/>
  <system-out/>
  <testcase classname="ggvkGID.ggvkAID.Tc" name="TC_00001" time="5.533"/>
  <system-out/>
</testsuite> <!-- ggvkGID.ggvkAID.Tc -->
